2025-02-14T06:33:48.228Z - USER_REGISTER: New user registered: Ednam bizu
2025-02-14T07:07:34.121Z - USER_REGISTER: New user registered: ednm
2025-02-14T07:39:19.008Z - USER_REGISTER: New user registered: dgfdg
2025-02-14T07:46:24.350Z - LIST_USERS: Admin Mande0970 requested user list.
2025-02-14T07:51:22.389Z - LIST_USERS: Admin Mande0970 requested user list.
2025-02-14T08:19:24.606Z - LIST_USERS: Admin Mande0970 requested user list.
2025-02-14T08:37:51.909Z - LIST_USERS: Admin Mande0970 requested user list.
2025-02-14T08:42:05.404Z - LIST_USERS: Admin Mande0970 requested user list.
2025-02-14T08:46:58.087Z - LIST_USERS: Admin Mande0970 requested user list.
2025-02-14T08:59:58.637Z - REMOVE_USER: Admin Mande0970 removed user: Liyuwork kebede (@liyu0970).
2025-02-14T09:01:57.888Z - LIST_USERS: Admin Mande0970 requested user list.
2025-02-14T10:05:45.863Z - LIST_USERS: Admin Mande0970 requested user list.
2025-02-14T10:10:09.022Z - PROMOTE_ADMIN: Super Admin Mande0970 promoted Liyuwork kebede (@liyu0970) to Admin.
2025-02-14T10:10:49.386Z - LIST_USERS: Admin Mande0970 requested user list.
2025-02-14T10:31:59.136Z - LIST_USERS: Admin Mande0970 requested user list.
2025-02-14T10:33:19.634Z - REMOVE_USER: Admin Mande0970 removed user: Ednam Bizuwork (@ednamb).
2025-02-14T10:50:41.698Z - LIST_USERS: Admin Mande0970 requested user list.
2025-02-14T10:51:10.701Z - LIST_USERS: Admin Mande0970 requested user list.
2025-02-14T11:03:51.275Z - LIST_USERS: Admin Mande0970 requested user list.
2025-02-14T11:29:06.728Z - LIST_USERS: Admin Mande0970 requested user list.
2025-02-14T11:29:43.872Z - LIST_USERS: Admin Mande0970 requested user list.
2025-02-14T11:57:29.807Z - LIST_USERS: Admin ednamb requested user list.
2025-02-14T11:59:24.015Z - LIST_USERS: Admin ednamb requested user list.
2025-02-14T12:00:07.517Z - PROMOTE_ADMIN: Super Admin ednamb promoted Liyuwork kebede (@liyu0970) to Admin.
2025-02-14T12:04:19.705Z - LIST_USERS: Admin ednamb requested user list.
2025-02-14T12:12:52.190Z - LIST_USERS: Admin ednamb requested user list.
2025-02-14T12:18:06.983Z - LIST_USERS: Admin ednamb requested user list.
2025-02-14T12:39:57.567Z - LIST_USERS: Admin ednamb requested user list.
